<?xml version="1.0" encoding="UTF-8"?>
<testsuite name="hse.sd.myshell.CommandsTest" tests="29" skipped="0" failures="0" errors="0" timestamp="2022-02-14T23:20:50" hostname="olesya-IdeaPad-L340-15IRH-Gaming" time="0.19">
  <properties/>
  <testcase name="testCatStaticArgs()" classname="hse.sd.myshell.CommandsTest" time="0.041"/>
  <testcase name="testEchoMultipleStaticArgs()" classname="hse.sd.myshell.CommandsTest" time="0.002"/>
  <testcase name="testPwdNoArgs()" classname="hse.sd.myshell.CommandsTest" time="0.001"/>
  <testcase name="testWcDynamicArgs()" classname="hse.sd.myshell.CommandsTest" time="0.051"/>
  <testcase name="testEchoDynamicAndStaticArgs()" classname="hse.sd.myshell.CommandsTest" time="0.001"/>
  <testcase name="testAssignmentBadStaticArgs()" classname="hse.sd.myshell.CommandsTest" time="0.018"/>
  <testcase name="testPwdDynamicArgs()" classname="hse.sd.myshell.CommandsTest" time="0.001"/>
  <testcase name="testExit()" classname="hse.sd.myshell.CommandsTest" time="0.001"/>
  <testcase name="testWcStaticArgs()" classname="hse.sd.myshell.CommandsTest" time="0.015"/>
  <testcase name="testCatDynamicAndStaticArgs()" classname="hse.sd.myshell.CommandsTest" time="0.002"/>
  <testcase name="testWcDynamicAndStaticArgs()" classname="hse.sd.myshell.CommandsTest" time="0.002"/>
  <testcase name="testNonExistingOuterCommand()" classname="hse.sd.myshell.CommandsTest" time="0.005"/>
  <testcase name="testAssignmentDynamicArgs()" classname="hse.sd.myshell.CommandsTest" time="0.001"/>
  <testcase name="testPwdStaticArgs()" classname="hse.sd.myshell.CommandsTest" time="0.001"/>
  <testcase name="testAssignmentStaticArgs()" classname="hse.sd.myshell.CommandsTest" time="0.001"/>
  <testcase name="testWcMultipleDynamicArgs()" classname="hse.sd.myshell.CommandsTest" time="0.001"/>
  <testcase name="testOuterCommandTouch()" classname="hse.sd.myshell.CommandsTest" time="0.008"/>
  <testcase name="testWcMultipleStaticArgs()" classname="hse.sd.myshell.CommandsTest" time="0.002"/>
  <testcase name="testCatMultipleStaticArgs()" classname="hse.sd.myshell.CommandsTest" time="0.002"/>
  <testcase name="testEchoStaticArgs()" classname="hse.sd.myshell.CommandsTest" time="0.001"/>
  <testcase name="testOuterCommandDir()" classname="hse.sd.myshell.CommandsTest" time="0.005"/>
  <testcase name="testEchoNoArgs()" classname="hse.sd.myshell.CommandsTest" time="0.001"/>
  <testcase name="testCatDynamicArgs()" classname="hse.sd.myshell.CommandsTest" time="0.002"/>
  <testcase name="testEchoDynamicArgs()" classname="hse.sd.myshell.CommandsTest" time="0.001"/>
  <testcase name="testCatMultipleDynamicArgs()" classname="hse.sd.myshell.CommandsTest" time="0.001"/>
  <testcase name="testCatNoArgs()" classname="hse.sd.myshell.CommandsTest" time="0.0"/>
  <testcase name="testPwdDynamicAndStaticArgs()" classname="hse.sd.myshell.CommandsTest" time="0.001"/>
  <testcase name="testEchoMultipleDynamicArgs()" classname="hse.sd.myshell.CommandsTest" time="0.001"/>
  <testcase name="testWcNoArgs()" classname="hse.sd.myshell.CommandsTest" time="0.001"/>
  <system-out><![CDATA[]]></system-out>
  <system-err><![CDATA[Feb 15, 2022 2:20:50 AM hse.sd.myshell.commands.supported.CommandAssignment validateStaticArgs
WARNING: More than 2 static arguments in Assignment: a, 5, 6
Feb 15, 2022 2:20:50 AM hse.sd.myshell.commands.CommandExternal execute
WARNING: Cannot run program "команда" (in directory "/home/olesya/sd/SD-course-2022"): error=2, No such file or directory
]]></system-err>
</testsuite>
